[00:52:38] [main/INFO]: Setting user: Player231
[00:52:40] [Client thread/INFO]: LWJGL Version: 2.9.1
[00:52:44] [Client thread/INFO]: Reloading ResourceManager: Default, FMLFileResourcePack:Forge Mod Loader, FMLFileResourcePack:Minecraft Forge, FMLFileResourcePack:VillagerSlayer
[00:52:45] [Sound Library Loader/INFO]: Sound engine started
[00:52:47] [Client thread/INFO]: Created: 512x256 textures/blocks-atlas
[00:52:47] [Client thread/INFO]: Created: 256x256 textures/items-atlas
[00:52:47] [Client thread/INFO]: Reloading ResourceManager: Default, FMLFileResourcePack:Forge Mod Loader, FMLFileResourcePack:Minecraft Forge, FMLFileResourcePack:VillagerSlayer
[00:52:47] [Client thread/INFO]: Created: 256x256 textures/items-atlas
[00:52:47] [Client thread/INFO]: Created: 512x256 textures/blocks-atlas
[00:52:48] [Sound Library Loader/INFO]: Sound engine started
[00:52:56] [Server thread/INFO]: Starting integrated minecraft server version 1.7.10
[00:52:56] [Server thread/INFO]: Generating keypair
[00:52:56] [Server thread/INFO]: Preparing start region for level 0
[00:52:57] [Server thread/INFO]: Changing view distance to 12, from 10
[00:52:57] [Server thread/INFO]: Player231[local:E:5432c7a2] logged in with entity id 345 at (295.70064036101695, 92.0, 240.73454176891207)
[00:52:57] [Server thread/INFO]: Player231 joined the game
[00:53:16] [Server thread/INFO]: Player231 has just earned the achievement [Taking Inventory]
[00:53:17] [Client thread/INFO]: [CHAT] Player231 has just earned the achievement [Taking Inventory]
[00:54:21] [Client thread/INFO]: [CHAT] Please enter a number after the command, do not leave it blank
[00:54:25] [Client thread/INFO]: [CHAT] Found a player/custom named Villager, Ignoring. [x:299.5][y:91.0][z:245.5]
[00:54:25] [Client thread/INFO]: [CHAT] Kills: 2
[00:54:25] [Client thread/INFO]: [CHAT] Removed Blocks: 0
[00:54:45] [Client thread/INFO]: [CHAT] Found a player/custom named Villager, Ignoring. [x:299.4509518886657][y:91.0][z:245.43371331130066]
[00:54:45] [Client thread/INFO]: [CHAT] Found a player/custom named Villager, Ignoring. [x:297.32970177813013][y:91.0][z:246.46676886775384]
[00:54:45] [Client thread/INFO]: [CHAT] Found a player/custom named Villager, Ignoring. [x:296.30000001192093][y:91.0][z:246.53839172464808]
[00:54:45] [Client thread/INFO]: [CHAT] Found a player/custom named Villager, Ignoring. [x:298.0071006625081][y:91.0][z:244.69674061129692]
[00:54:45] [Client thread/INFO]: [CHAT] Found a player/custom named Villager, Ignoring. [x:299.69999998807907][y:91.0][z:246.41899731419156]
[00:54:45] [Client thread/INFO]: [CHAT] Kills: 10
[00:54:45] [Client thread/INFO]: [CHAT] Removed Blocks: 0
[00:54:55] [Server thread/INFO]: Saving and pausing game...
[00:54:55] [Server thread/INFO]: Saving chunks for level 'New Worldaffa s'/Overworld
[00:54:55] [Server thread/INFO]: Saving chunks for level 'New Worldaffa s'/Nether
[00:54:55] [Server thread/INFO]: Saving chunks for level 'New Worldaffa s'/The End
[00:54:58] [Server thread/INFO]: Stopping server
[00:54:58] [Server thread/INFO]: Saving players
[00:54:58] [Server thread/INFO]: Saving worlds
[00:54:58] [Server thread/INFO]: Saving chunks for level 'New Worldaffa s'/Overworld
[00:54:58] [Server thread/INFO]: Saving chunks for level 'New Worldaffa s'/Nether
[00:54:58] [Server thread/INFO]: Saving chunks for level 'New Worldaffa s'/The End
[01:01:50] [Server thread/INFO]: Starting integrated minecraft server version 1.7.10
[01:01:50] [Server thread/INFO]: Generating keypair
[01:01:51] [Server thread/INFO]: Preparing start region for level 0
[01:01:51] [Server thread/INFO]: Changing view distance to 12, from 10
[01:01:51] [Server thread/INFO]: Player231[local:E:6552b214] logged in with entity id 2248 at (298.84767136034696, 91.0, 245.41738846996998)
[01:01:51] [Server thread/INFO]: Player231 joined the game
[01:01:56] [Client thread/INFO]: [CHAT] Found a player/custom named Villager, Nigger, it will be ignored. [x:293.1641684926551][y:93.0][z:237.87936438102219]
[01:01:56] [Client thread/INFO]: [CHAT] Found a player/custom named Villager, Nigger, it will be ignored. [x:297.4187583118505][y:91.0][z:246.50605415204032]
[01:01:56] [Client thread/INFO]: [CHAT] Found a player/custom named Villager, Nigger, it will be ignored. [x:297.64384309186187][y:91.0][z:245.33181970279986]
[01:01:56] [Client thread/INFO]: [CHAT] Found a player/custom named Villager, Nigger, it will be ignored. [x:299.62984769511183][y:91.0][z:247.1780743664587]
[01:01:56] [Client thread/INFO]: [CHAT] Found a player/custom named Villager, Nigger, it will be ignored. [x:297.89394003738954][y:91.0][z:249.54555968004135]
[01:01:56] [Client thread/INFO]: [CHAT] Kills: 0
[01:01:56] [Client thread/INFO]: [CHAT] Removed Blocks: 0
[01:04:13] [Client thread/INFO]: [CHAT] Found a player/custom named Villager, Nigger, it will be ignored. [x:297][y:91][z:246]
[01:04:13] [Client thread/INFO]: [CHAT] Found a player/custom named Villager, Nigger, it will be ignored. [x:299][y:91][z:247]
[01:04:13] [Client thread/INFO]: [CHAT] Found a player/custom named Villager, Nigger, it will be ignored. [x:288][y:82][z:244]
[01:04:13] [Client thread/INFO]: [CHAT] Found a player/custom named Villager, Nigger, it will be ignored. [x:311][y:86][z:246]
[01:04:13] [Client thread/INFO]: [CHAT] Kills: 0
[01:04:13] [Client thread/INFO]: [CHAT] Removed Blocks: 0
[01:07:37] [Client thread/INFO]: [CHAT] Your OP level is: true
[01:07:37] [Client thread/INFO]: [CHAT] Found a player/custom named Villager, Nigger, it will be ignored. [x:284][y:72][z:245]
[01:07:37] [Client thread/INFO]: [CHAT] Found a player/custom named Villager, Nigger, it will be ignored. [x:306][y:86][z:254]
[01:07:37] [Client thread/INFO]: [CHAT] Found a player/custom named Villager, Nigger, it will be ignored. [x:308][y:88][z:256]
[01:07:37] [Client thread/INFO]: [CHAT] Kills: 0
[01:07:37] [Client thread/INFO]: [CHAT] Removed Blocks: 0
[01:07:44] [Client thread/INFO]: [CHAT] Unknown command. Try /help for a list of commands
[01:07:48] [Client thread/INFO]: [CHAT] Your OP level is: true
[01:07:48] [Client thread/INFO]: [CHAT] Found a player/custom named Villager, Nigger, it will be ignored. [x:282][y:74][z:242]
[01:07:48] [Client thread/INFO]: [CHAT] Found a player/custom named Villager, Nigger, it will be ignored. [x:306][y:86][z:254]
[01:07:48] [Client thread/INFO]: [CHAT] Found a player/custom named Villager, Nigger, it will be ignored. [x:308][y:88][z:256]
[01:07:48] [Client thread/INFO]: [CHAT] Kills: 0
[01:07:48] [Client thread/INFO]: [CHAT] Removed Blocks: 0
[01:12:26] [Client thread/INFO]: [CHAT] Found a player/custom named Villager, Nigger, it will be ignored. [x:289][y:71][z:261]
[01:12:26] [Client thread/INFO]: [CHAT] Kills: 0
[01:12:26] [Client thread/INFO]: [CHAT] Removed Blocks: 0
[01:12:35] [Client thread/INFO]: [CHAT] Found a player/custom named Villager, Nigger, it will be ignored. [x:289][y:71][z:259]
[01:12:35] [Client thread/INFO]: [CHAT] Kills: 0
[01:12:35] [Client thread/INFO]: [CHAT] Removed Blocks: 0
[01:14:07] [Client thread/INFO]: [CHAT] Found a player/custom named Villager, Nigger, it will be ignored. [x:255][y:63][z:219]
[01:14:07] [Client thread/INFO]: [CHAT] Found a player/custom named Villager, Nigger, it will be ignored. [x:250][y:62][z:277]
[01:14:07] [Client thread/INFO]: [CHAT] Found a player/custom named Villager, Nigger, it will be ignored. [x:267][y:63][z:226]
[01:14:07] [Client thread/INFO]: [CHAT] Found a player/custom named Villager, Nigger, it will be ignored. [x:296][y:62][z:255]
[01:14:07] [Client thread/INFO]: [CHAT] Kills: 0
[01:14:07] [Client thread/INFO]: [CHAT] Removed Blocks: 0
[01:20:12] [Client thread/INFO]: [CHAT] Found a player/custom named Villager, Nigger, it will be ignored. [x:200][y:61][z:299]
[01:20:12] [Client thread/INFO]: [CHAT] Found a player/custom named Villager, Nigger, it will be ignored. [x:244][y:64][z:176]
[01:20:12] [Client thread/INFO]: [CHAT] Found a player/custom named Villager, Nigger, it will be ignored. [x:255][y:66][z:182]
[01:20:12] [Client thread/INFO]: [CHAT] Found a player/custom named Villager, Nigger, it will be ignored. [x:296][y:90][z:239]
[01:20:12] [Client thread/INFO]: [CHAT] Found a player/custom named Villager, Nigger, it will be ignored. [x:294][y:90][z:239]
[01:20:12] [Client thread/INFO]: [CHAT] Found a player/custom named Villager, Nigger, it will be ignored. [x:295][y:90][z:239]
[01:20:12] [Client thread/INFO]: [CHAT] Found a player/custom named Villager, Nigger, it will be ignored. [x:295][y:90][z:240]
[01:20:12] [Client thread/INFO]: [CHAT] Found a player/custom named Villager, Nigger, it will be ignored. [x:295][y:90][z:240]
[01:20:12] [Client thread/INFO]: [CHAT] Kills: 24
[01:20:12] [Client thread/INFO]: [CHAT] Removed Blocks: 0
[01:20:33] [Server thread/INFO]: Saving and pausing game...
[01:20:33] [Server thread/INFO]: Saving chunks for level 'New Worldaffa s'/Overworld
[01:20:33] [Server thread/INFO]: Saving chunks for level 'New Worldaffa s'/Nether
[01:20:33] [Server thread/INFO]: Saving chunks for level 'New Worldaffa s'/The End
[01:20:34] [Server thread/INFO]: Stopping server
[01:20:34] [Server thread/INFO]: Saving players
[01:20:34] [Server thread/INFO]: Saving worlds
[01:20:34] [Server thread/INFO]: Saving chunks for level 'New Worldaffa s'/Overworld
[01:20:34] [Server thread/INFO]: Saving chunks for level 'New Worldaffa s'/Nether
[01:20:34] [Server thread/INFO]: Saving chunks for level 'New Worldaffa s'/The End
[01:20:35] [Client thread/INFO]: Stopping!
